<?xml version="1.0" encoding="UTF-8"?>
<!-- Generated by org.testng.reporters.JUnitXMLReporter -->
<testsuite hostname="DESKTOP-29U5Q8G" failures="0" tests="4" name="Default test" time="0.064" errors="0" timestamp="7 Jan 2024 09:58:53 GMT">
  <testcase classname="Frameworks.TestNG1" name="B" time="0.012"/>
  <testcase classname="Frameworks.TestNG1" name="Demo" time="0.0">
    <skipped/>
  </testcase> <!-- Demo -->
  <testcase classname="Frameworks.TestNG1" name="TimeOut" time="0.012"/>
  <testcase classname="Frameworks.TestNG1" name="A" time="0.0">
    <skipped/>
  </testcase> <!-- A -->
</testsuite> <!-- Default test -->
