<?xml version="1.0" encoding="UTF-8"?>
<!-- Generated by org.testng.reporters.JUnitXMLReporter -->
<testsuite hostname="DESKTOP-29U5Q8G" failures="0" tests="5" name="Car Loan" time="0.048" errors="0" timestamp="29 Dec 2023 09:47:14 GMT">
  <testcase classname="Frameworks.TestNG1" name="Demo" time="0.01"/>
  <testcase classname="Frameworks.TestNG1" name="SecondTest" time="0.002"/>
  <testcase classname="Frameworks.TestNG3" name="LoginAIHomeLoan" time="0.002"/>
  <testcase classname="Frameworks.TestNG3" name="MobileLogicHomeLoan" time="0.002"/>
  <testcase classname="Frameworks.TestNG3" name="WebLoginHOmeLoan" time="0.001"/>
</testsuite> <!-- Car Loan -->
