<?xml version="1.0" encoding="UTF-8"?>
<!-- Generated by org.testng.reporters.JUnitXMLReporter -->
<testsuite hostname="DESKTOP-29U5Q8G" failures="0" tests="3" name="Home Loan" time="0.031" errors="0" timestamp="29 Dec 2023 09:47:14 GMT">
  <testcase classname="Frameworks.Testng2" name="MobileLogiccarLoan" time="0.001"/>
  <testcase classname="Frameworks.Testng2" name="MobileLoginAIcarLoan" time="0.006"/>
  <testcase classname="Frameworks.Testng2" name="MobileWebLoginCarLoan" time="0.001"/>
</testsuite> <!-- Home Loan -->
