<?xml version="1.0" encoding="UTF-8"?>
<!-- Generated by org.testng.reporters.JUnitXMLReporter -->
<testsuite hostname="DESKTOP-29U5Q8G" failures="0" tests="3" name="mobile" time="0.047" errors="0" timestamp="31 Dec 2023 16:45:43 GMT">
  <testcase classname="Frameworks.Testng2" name="MobileLogiccarLoan" time="0.015"/>
  <testcase classname="Frameworks.Testng2" name="MobileLoginAIcarLoan" time="0.003"/>
  <testcase classname="Frameworks.Testng2" name="MobileWebLoginCarLoan" time="0.002"/>
</testsuite> <!-- mobile -->
