<?xml version="1.0" encoding="UTF-8"?>
<!-- Generated by org.testng.reporters.JUnitXMLReporter -->
<testsuite hostname="DESKTOP-29U5Q8G" failures="0" tests="8" name="Test" time="0.127" errors="0" timestamp="29 Dec 2023 09:31:00 GMT">
  <testcase classname="Frameworks.TestNG1" name="Demo" time="0.01"/>
  <testcase classname="Frameworks.TestNG1" name="SecondTest" time="0.003"/>
  <testcase classname="Frameworks.Testng2" name="MobileLogiccarLoan" time="0.006"/>
  <testcase classname="Frameworks.Testng2" name="MobileLoginAIcarLoan" time="0.003"/>
  <testcase classname="Frameworks.Testng2" name="MobileWebLoginCarLoan" time="0.002"/>
  <testcase classname="Frameworks.TestNG3" name="LoginAIHomeLoan" time="0.001"/>
  <testcase classname="Frameworks.TestNG3" name="MobileLogicHomeLoan" time="0.001"/>
  <testcase classname="Frameworks.TestNG3" name="WebLoginHOmeLoan" time="0.008"/>
</testsuite> <!-- Test -->
